2025-12-16 18:22:02.092 INFO  [rid=] o.r.curiokeep.CurioKeepApplication - Starting CurioKeepApplication using Java 21.0.9 with PID 44777 (/workspaces/CurioKeep/target/classes started by codespace in /workspaces/CurioKeep)
2025-12-16 18:22:02.095 DEBUG [rid=] o.r.curiokeep.CurioKeepApplication - Running with Spring Boot v4.0.0, Spring v7.0.1
2025-12-16 18:22:02.096 INFO  [rid=] o.r.curiokeep.CurioKeepApplication - No active profile set, falling back to 1 default profile: "default"
2025-12-16 18:22:02.201 INFO  [rid=] o.s.b.d.e.DevToolsPropertyDefaultsPostProcessor - Devtools property defaults active! Set 'spring.devtools.add-properties' to 'false' to disable
2025-12-16 18:22:02.202 INFO  [rid=] o.s.b.d.e.DevToolsPropertyDefaultsPostProcessor - For additional web related logging consider setting the 'logging.level.web' property to 'DEBUG'
2025-12-16 18:22:02.229 INFO  [rid=] o.s.b.d.c.l.DockerComposeLifecycleManager - Using Docker Compose file /workspaces/CurioKeep/compose.yaml
2025-12-16 18:22:02.785 INFO  [rid=] o.s.b.d.c.l.DockerComposeLifecycleManager - There are already Docker Compose services running, skipping startup
2025-12-16 18:22:03.660 INFO  [rid=] o.s.d.r.c.RepositoryConfigurationDelegate - Bootstrapping Spring Data JPA repositories in DEFAULT mode.
2025-12-16 18:22:03.722 INFO  [rid=] o.s.d.r.c.RepositoryConfigurationDelegate - Finished Spring Data repository scanning in 47 ms. Found 10 JPA repository interfaces.
2025-12-16 18:22:04.396 INFO  [rid=] o.s.boot.tomcat.TomcatWebServer - Tomcat initialized with port 8080 (http)
2025-12-16 18:22:04.407 INFO  [rid=] o.a.catalina.core.StandardService - Starting service [Tomcat]
2025-12-16 18:22:04.408 INFO  [rid=] o.a.catalina.core.StandardEngine - Starting Servlet engine: [Apache Tomcat/11.0.14]
2025-12-16 18:22:04.442 INFO  [rid=] o.s.b.w.c.s.WebApplicationContextInitializer - Root WebApplicationContext: initialization completed in 1651 ms
2025-12-16 18:22:04.884 INFO  [rid=] org.flywaydb.core.FlywayExecutor - Database: jdbc:postgresql://127.0.0.1:5432/curiokeep (PostgreSQL 16.11)
2025-12-16 18:22:04.925 INFO  [rid=] o.f.core.internal.command.DbValidate - Successfully validated 2 migrations (execution time 00:00.021s)
2025-12-16 18:22:04.959 INFO  [rid=] o.f.core.internal.command.DbMigrate - Current version of schema "public": 2
2025-12-16 18:22:04.962 INFO  [rid=] o.f.core.internal.command.DbMigrate - Schema "public" is up to date. No migration necessary.
2025-12-16 18:22:05.034 INFO  [rid=] o.h.jpa.internal.util.LogHelper - HHH000204: Processing PersistenceUnitInfo [name: default]
2025-12-16 18:22:05.069 INFO  [rid=] org.hibernate.Version - HHH000412: Hibernate ORM core version 7.1.8.Final
2025-12-16 18:22:05.541 INFO  [rid=] o.s.o.j.p.SpringPersistenceUnitInfo - No LoadTimeWeaver setup: ignoring JPA class transformer
2025-12-16 18:22:05.580 INFO  [rid=] com.zaxxer.hikari.HikariDataSource - HikariPool-1 - Starting...
2025-12-16 18:22:05.629 INFO  [rid=] com.zaxxer.hikari.pool.HikariPool - HikariPool-1 - Added connection org.postgresql.jdbc.PgConnection@48414f14
2025-12-16 18:22:05.630 INFO  [rid=] com.zaxxer.hikari.HikariDataSource - HikariPool-1 - Start completed.
2025-12-16 18:22:05.688 INFO  [rid=] o.hibernate.orm.connections.pooling - HHH10001005: Database info:
	Database JDBC URL [jdbc:postgresql://127.0.0.1:5432/curiokeep]
	Database driver: PostgreSQL JDBC Driver
	Database dialect: PostgreSQLDialect
	Database version: 16.11
	Default catalog/schema: curiokeep/public
	Autocommit mode: undefined/unknown
	Isolation level: READ_COMMITTED [default READ_COMMITTED]
	JDBC fetch size: none
	Pool: DatasourceConnectionProviderImpl
	Minimum pool size: undefined/unknown
	Maximum pool size: undefined/unknown
2025-12-16 18:22:06.813 INFO  [rid=] o.h.e.t.j.p.i.JtaPlatformInitiator - HHH000489: No JTA platform available (set 'hibernate.transaction.jta.platform' to enable JTA platform integration)
2025-12-16 18:22:06.858 INFO  [rid=] o.s.o.j.LocalContainerEntityManagerFactoryBean - Initialized JPA EntityManagerFactory for persistence unit 'default'
2025-12-16 18:22:06.936 INFO  [rid=] o.s.d.j.r.q.QueryEnhancerFactories - Hibernate is in classpath; If applicable, HQL parser will be used.
2025-12-16 18:22:07.107 DEBUG [rid=] o.r.c.c.logging.RequestTimingFilter - Filter 'requestTimingFilter' configured for use
2025-12-16 18:22:07.107 DEBUG [rid=] o.r.c.security.SetupModeFilter - Filter 'setupModeFilter' configured for use
2025-12-16 18:22:07.108 DEBUG [rid=] o.r.c.config.logging.RequestIdFilter - Filter 'requestIdFilter' configured for use
2025-12-16 18:22:07.818 INFO  [rid=] o.s.s.c.a.a.c.InitializeUserDetailsBeanManagerConfigurer$InitializeUserDetailsManagerConfigurer - Global AuthenticationManager configured with UserDetailsService bean with name appUserDetailsService
2025-12-16 18:22:08.745 INFO  [rid=] o.s.b.a.e.web.EndpointLinksResolver - Exposing 1 endpoint beneath base path '/actuator'
2025-12-16 18:22:08.821 INFO  [rid=] o.s.boot.tomcat.TomcatWebServer - Tomcat started on port 8080 (http) with context path '/'
2025-12-16 18:22:08.832 INFO  [rid=] o.r.curiokeep.CurioKeepApplication - Started CurioKeepApplication in 7.212 seconds (process running for 7.71)
2025-12-16 18:22:09.085 WARN  [rid=] o.s.c.events.SpringDocAppInitializer - SpringDoc /v3/api-docs endpoint is enabled by default. To disable it in production, set the property 'springdoc.api-docs.enabled=false'
2025-12-16 18:22:09.085 WARN  [rid=] o.s.c.events.SpringDocAppInitializer - SpringDoc /swagger-ui.html endpoint is enabled by default. To disable it in production, set the property 'springdoc.swagger-ui.enabled=false'
2025-12-16 18:22:34.672 INFO  [rid=] o.a.c.c.C.[Tomcat].[localhost].[/] - Initializing Spring DispatcherServlet 'dispatcherServlet'
2025-12-16 18:22:34.672 INFO  [rid=] o.s.web.servlet.DispatcherServlet - Initializing Servlet 'dispatcherServlet'
2025-12-16 18:22:34.674 INFO  [rid=] o.s.web.servlet.DispatcherServlet - Completed initialization in 2 ms
2025-12-16 18:22:50.425 INFO  [rid=2178ff3a44d6dbd845ec27dc1e3527c9] o.r.c.c.logging.RequestTimingFilter - GET /swagger-ui/index.html -> 200 (26 ms)
2025-12-16 18:22:50.784 INFO  [rid=0115031b3084ec6f3c146bbc0667c286] o.r.c.c.logging.RequestTimingFilter - GET /swagger-ui/swagger-ui.css -> 200 (6 ms)
2025-12-16 18:22:50.898 INFO  [rid=d516ee89d7afeef143ca1c94bc8b7958] o.r.c.c.logging.RequestTimingFilter - GET /swagger-ui/index.css -> 200 (38 ms)
2025-12-16 18:22:50.903 INFO  [rid=3114a589b18887c7ad127c516cf2a1ca] o.r.c.c.logging.RequestTimingFilter - GET /swagger-ui/swagger-ui-standalone-preset.js -> 200 (94 ms)
2025-12-16 18:22:50.925 INFO  [rid=ec54f1da63fb33a846f75e688eb21bbb] o.r.c.c.logging.RequestTimingFilter - GET /swagger-ui/swagger-initializer.js -> 200 (85 ms)
2025-12-16 18:22:50.934 INFO  [rid=8f4da5b03f5e1731c40481d636c21076] o.r.c.c.logging.RequestTimingFilter - GET /swagger-ui/swagger-ui-bundle.js -> 200 (70 ms)
2025-12-16 18:22:51.467 INFO  [rid=2e8039f20a83a020ae9a21efa74991b0] o.r.c.c.logging.RequestTimingFilter - GET /swagger-ui/favicon-32x32.png -> 200 (7 ms)
2025-12-16 18:22:51.481 INFO  [rid=e86e16bd775b1252c9f6f42e2e81b3bc] o.r.c.c.logging.RequestTimingFilter - GET /v3/api-docs/swagger-config -> 200 (30 ms)
2025-12-16 18:22:52.317 INFO  [rid=25597433c6a5923ae057d6bf4547979c] o.s.api.AbstractOpenApiResource - Init duration for springdoc-openapi is: 766 ms
2025-12-16 18:22:52.347 INFO  [rid=25597433c6a5923ae057d6bf4547979c] o.r.c.c.logging.RequestTimingFilter - GET /v3/api-docs -> 200 (804 ms)
2025-12-16 18:32:29.007 INFO  [rid=] o.s.boot.tomcat.GracefulShutdown - Commencing graceful shutdown. Waiting for active requests to complete
2025-12-16 18:32:29.012 INFO  [rid=] o.s.boot.tomcat.GracefulShutdown - Graceful shutdown complete
2025-12-16 18:32:29.024 INFO  [rid=] o.s.o.j.LocalContainerEntityManagerFactoryBean - Closing JPA EntityManagerFactory for persistence unit 'default'
2025-12-16 18:32:29.029 INFO  [rid=] com.zaxxer.hikari.HikariDataSource - HikariPool-1 - Shutdown initiated...
2025-12-16 18:32:29.034 INFO  [rid=] com.zaxxer.hikari.HikariDataSource - HikariPool-1 - Shutdown completed.
2025-12-16 18:47:18.801 WARN  [rid=] o.s.b.t.j.DuplicateJsonObjectContextCustomizerFactory$DuplicateJsonObjectContextCustomizer - 

Found multiple occurrences of org.json.JSONObject on the class path:

	jar:file:/home/codespace/.m2/repository/org/json/json/20250107/json-20250107.jar!/org/json/JSONObject.class
	jar:file:/home/codespace/.m2/repository/com/vaadin/external/google/android-json/0.0.20131108.vaadin1/android-json-0.0.20131108.vaadin1.jar!/org/json/JSONObject.class

You may wish to exclude one of them to ensure predictable runtime behavior

2025-12-16 18:47:18.821 INFO  [rid=] o.r.c.CurioKeepApplicationTests - Starting CurioKeepApplicationTests using Java 21.0.9 with PID 59366 (started by codespace in /workspaces/CurioKeep)
2025-12-16 18:47:18.822 DEBUG [rid=] o.r.c.CurioKeepApplicationTests - Running with Spring Boot v4.0.0, Spring v7.0.1
2025-12-16 18:47:18.822 INFO  [rid=] o.r.c.CurioKeepApplicationTests - No active profile set, falling back to 1 default profile: "default"
2025-12-16 18:47:20.077 INFO  [rid=] o.s.d.r.c.RepositoryConfigurationDelegate - Bootstrapping Spring Data JPA repositories in DEFAULT mode.
2025-12-16 18:47:20.214 INFO  [rid=] o.s.d.r.c.RepositoryConfigurationDelegate - Finished Spring Data repository scanning in 113 ms. Found 10 JPA repository interfaces.
2025-12-16 18:47:21.187 INFO  [rid=] com.zaxxer.hikari.HikariDataSource - HikariPool-1 - Starting...
2025-12-16 18:47:21.469 INFO  [rid=] com.zaxxer.hikari.pool.HikariPool - HikariPool-1 - Added connection org.postgresql.jdbc.PgConnection@75351aec
2025-12-16 18:47:21.471 INFO  [rid=] com.zaxxer.hikari.HikariDataSource - HikariPool-1 - Start completed.
2025-12-16 18:47:21.515 INFO  [rid=] org.flywaydb.core.FlywayExecutor - Database: jdbc:postgresql://localhost:5432/curiokeep (PostgreSQL 16.11)
2025-12-16 18:47:21.625 INFO  [rid=] o.f.core.internal.command.DbValidate - Successfully validated 2 migrations (execution time 00:00.066s)
2025-12-16 18:47:21.669 INFO  [rid=] o.f.core.internal.command.DbMigrate - Current version of schema "public": 2
2025-12-16 18:47:21.672 INFO  [rid=] o.f.core.internal.command.DbMigrate - Schema "public" is up to date. No migration necessary.
2025-12-16 18:47:21.809 INFO  [rid=] o.h.jpa.internal.util.LogHelper - HHH000204: Processing PersistenceUnitInfo [name: default]
2025-12-16 18:47:21.869 INFO  [rid=] org.hibernate.Version - HHH000412: Hibernate ORM core version 7.1.8.Final
2025-12-16 18:47:22.294 INFO  [rid=] o.s.o.j.p.SpringPersistenceUnitInfo - No LoadTimeWeaver setup: ignoring JPA class transformer
2025-12-16 18:47:22.379 INFO  [rid=] o.hibernate.orm.connections.pooling - HHH10001005: Database info:
	Database JDBC URL [jdbc:postgresql://localhost:5432/curiokeep]
	Database driver: PostgreSQL JDBC Driver
	Database dialect: PostgreSQLDialect
	Database version: 16.11
	Default catalog/schema: curiokeep/public
	Autocommit mode: undefined/unknown
	Isolation level: READ_COMMITTED [default READ_COMMITTED]
	JDBC fetch size: none
	Pool: DatasourceConnectionProviderImpl
	Minimum pool size: undefined/unknown
	Maximum pool size: undefined/unknown
2025-12-16 18:47:23.599 INFO  [rid=] o.h.e.t.j.p.i.JtaPlatformInitiator - HHH000489: No JTA platform available (set 'hibernate.transaction.jta.platform' to enable JTA platform integration)
2025-12-16 18:47:23.661 INFO  [rid=] o.s.o.j.LocalContainerEntityManagerFactoryBean - Initialized JPA EntityManagerFactory for persistence unit 'default'
2025-12-16 18:47:23.842 INFO  [rid=] o.s.d.j.r.q.QueryEnhancerFactories - Hibernate is in classpath; If applicable, HQL parser will be used.
2025-12-16 18:47:25.076 INFO  [rid=] o.s.s.c.a.a.c.InitializeUserDetailsBeanManagerConfigurer$InitializeUserDetailsManagerConfigurer - Global AuthenticationManager configured with UserDetailsService bean with name appUserDetailsService
2025-12-16 18:47:26.494 INFO  [rid=] o.s.b.a.e.web.EndpointLinksResolver - Exposing 1 endpoint beneath base path '/actuator'
2025-12-16 18:47:26.596 INFO  [rid=] o.r.c.CurioKeepApplicationTests - Started CurioKeepApplicationTests in 8.319 seconds (process running for 14.881)
2025-12-16 18:47:26.891 WARN  [rid=] o.s.c.events.SpringDocAppInitializer - SpringDoc /v3/api-docs endpoint is enabled by default. To disable it in production, set the property 'springdoc.api-docs.enabled=false'
2025-12-16 18:47:26.892 WARN  [rid=] o.s.c.events.SpringDocAppInitializer - SpringDoc /swagger-ui.html endpoint is enabled by default. To disable it in production, set the property 'springdoc.swagger-ui.enabled=false'
2025-12-16 18:47:26.966 INFO  [rid=] o.s.o.j.LocalContainerEntityManagerFactoryBean - Closing JPA EntityManagerFactory for persistence unit 'default'
2025-12-16 18:47:26.969 INFO  [rid=] com.zaxxer.hikari.HikariDataSource - HikariPool-1 - Shutdown initiated...
2025-12-16 18:47:26.972 INFO  [rid=] com.zaxxer.hikari.HikariDataSource - HikariPool-1 - Shutdown completed.
2025-12-16 18:47:51.437 WARN  [rid=] o.s.b.t.j.DuplicateJsonObjectContextCustomizerFactory$DuplicateJsonObjectContextCustomizer - 

Found multiple occurrences of org.json.JSONObject on the class path:

	jar:file:/home/codespace/.m2/repository/org/json/json/20250107/json-20250107.jar!/org/json/JSONObject.class
	jar:file:/home/codespace/.m2/repository/com/vaadin/external/google/android-json/0.0.20131108.vaadin1/android-json-0.0.20131108.vaadin1.jar!/org/json/JSONObject.class

You may wish to exclude one of them to ensure predictable runtime behavior

2025-12-16 18:47:51.461 INFO  [rid=] o.r.c.CurioKeepApplicationTests - Starting CurioKeepApplicationTests using Java 21.0.9 with PID 59912 (started by codespace in /workspaces/CurioKeep)
2025-12-16 18:47:51.462 DEBUG [rid=] o.r.c.CurioKeepApplicationTests - Running with Spring Boot v4.0.0, Spring v7.0.1
2025-12-16 18:47:51.463 INFO  [rid=] o.r.c.CurioKeepApplicationTests - No active profile set, falling back to 1 default profile: "default"
2025-12-16 18:47:52.784 INFO  [rid=] o.s.d.r.c.RepositoryConfigurationDelegate - Bootstrapping Spring Data JPA repositories in DEFAULT mode.
2025-12-16 18:47:52.871 INFO  [rid=] o.s.d.r.c.RepositoryConfigurationDelegate - Finished Spring Data repository scanning in 74 ms. Found 10 JPA repository interfaces.
2025-12-16 18:47:53.904 INFO  [rid=] com.zaxxer.hikari.HikariDataSource - HikariPool-1 - Starting...
2025-12-16 18:47:54.100 INFO  [rid=] com.zaxxer.hikari.pool.HikariPool - HikariPool-1 - Added connection org.postgresql.jdbc.PgConnection@664e8bb7
2025-12-16 18:47:54.102 INFO  [rid=] com.zaxxer.hikari.HikariDataSource - HikariPool-1 - Start completed.
2025-12-16 18:47:54.169 INFO  [rid=] org.flywaydb.core.FlywayExecutor - Database: jdbc:postgresql://localhost:5432/curiokeep (PostgreSQL 16.11)
2025-12-16 18:47:54.241 INFO  [rid=] o.f.core.internal.command.DbValidate - Successfully validated 2 migrations (execution time 00:00.039s)
2025-12-16 18:47:54.271 INFO  [rid=] o.f.core.internal.command.DbMigrate - Current version of schema "public": 2
2025-12-16 18:47:54.274 INFO  [rid=] o.f.core.internal.command.DbMigrate - Schema "public" is up to date. No migration necessary.
2025-12-16 18:47:54.387 INFO  [rid=] o.h.jpa.internal.util.LogHelper - HHH000204: Processing PersistenceUnitInfo [name: default]
2025-12-16 18:47:54.461 INFO  [rid=] org.hibernate.Version - HHH000412: Hibernate ORM core version 7.1.8.Final
2025-12-16 18:47:54.859 INFO  [rid=] o.s.o.j.p.SpringPersistenceUnitInfo - No LoadTimeWeaver setup: ignoring JPA class transformer
2025-12-16 18:47:54.961 INFO  [rid=] o.hibernate.orm.connections.pooling - HHH10001005: Database info:
	Database JDBC URL [jdbc:postgresql://localhost:5432/curiokeep]
	Database driver: PostgreSQL JDBC Driver
	Database dialect: PostgreSQLDialect
	Database version: 16.11
	Default catalog/schema: curiokeep/public
	Autocommit mode: undefined/unknown
	Isolation level: READ_COMMITTED [default READ_COMMITTED]
	JDBC fetch size: none
	Pool: DatasourceConnectionProviderImpl
	Minimum pool size: undefined/unknown
	Maximum pool size: undefined/unknown
2025-12-16 18:47:56.198 INFO  [rid=] o.h.e.t.j.p.i.JtaPlatformInitiator - HHH000489: No JTA platform available (set 'hibernate.transaction.jta.platform' to enable JTA platform integration)
2025-12-16 18:47:56.257 INFO  [rid=] o.s.o.j.LocalContainerEntityManagerFactoryBean - Initialized JPA EntityManagerFactory for persistence unit 'default'
2025-12-16 18:47:56.368 INFO  [rid=] o.s.d.j.r.q.QueryEnhancerFactories - Hibernate is in classpath; If applicable, HQL parser will be used.
2025-12-16 18:47:57.547 INFO  [rid=] o.s.s.c.a.a.c.InitializeUserDetailsBeanManagerConfigurer$InitializeUserDetailsManagerConfigurer - Global AuthenticationManager configured with UserDetailsService bean with name appUserDetailsService
2025-12-16 18:47:59.007 INFO  [rid=] o.s.b.a.e.web.EndpointLinksResolver - Exposing 1 endpoint beneath base path '/actuator'
2025-12-16 18:47:59.177 INFO  [rid=] o.r.c.CurioKeepApplicationTests - Started CurioKeepApplicationTests in 8.342 seconds (process running for 14.817)
2025-12-16 18:47:59.512 WARN  [rid=] o.s.c.events.SpringDocAppInitializer - SpringDoc /v3/api-docs endpoint is enabled by default. To disable it in production, set the property 'springdoc.api-docs.enabled=false'
2025-12-16 18:47:59.513 WARN  [rid=] o.s.c.events.SpringDocAppInitializer - SpringDoc /swagger-ui.html endpoint is enabled by default. To disable it in production, set the property 'springdoc.swagger-ui.enabled=false'
2025-12-16 18:47:59.583 INFO  [rid=] o.s.o.j.LocalContainerEntityManagerFactoryBean - Closing JPA EntityManagerFactory for persistence unit 'default'
2025-12-16 18:47:59.588 INFO  [rid=] com.zaxxer.hikari.HikariDataSource - HikariPool-1 - Shutdown initiated...
2025-12-16 18:47:59.600 INFO  [rid=] com.zaxxer.hikari.HikariDataSource - HikariPool-1 - Shutdown completed.
